<?xml version="1.0" encoding="UTF-8"?>
<!-- Generated by org.testng.reporters.JUnitReportReporter -->
<testsuite hostname="SP01B01ZZ5947A" failures="0" tests="3" name="swaglab.AddRandomItem" time="0.959" errors="0" timestamp="2025-09-09T18:42:46 AST" skipped="1">
  <testcase classname="swaglab.AddRandomItem" name="LoginWithNormalUser" time="0.551"/>
  <testcase classname="swaglab.AddRandomItem" name="AddThreeRandomItem" time="0.408"/>
  <testcase classname="swaglab.AddRandomItem" name="AddRandomItem">
    <skipped/>
  </testcase> <!-- AddRandomItem -->
</testsuite> <!-- swaglab.AddRandomItem -->
