<?xml version="1.0" encoding="UTF-8"?>
<!-- Generated by org.testng.reporters.JUnitReportReporter -->
<testsuite hostname="SP01B01ZZ5947A" failures="0" tests="4" name="Automation.MyTestcases" time="3.839" errors="0" timestamp="2025-09-11T20:59:04 AST" skipped="3">
  <testcase classname="Automation.MyTestcases" name="AddItemToThecart" time="3.839"/>
  <testcase classname="Automation.MyTestcases" name="LogoffTest">
    <skipped/>
  </testcase> <!-- LogoffTest -->
  <testcase classname="Automation.MyTestcases" name="Login">
    <skipped/>
  </testcase> <!-- Login -->
  <testcase classname="Automation.MyTestcases" name="SignupTest">
    <skipped/>
  </testcase> <!-- SignupTest -->
</testsuite> <!-- Automation.MyTestcases -->
