<?xml version="1.0" encoding="UTF-8"?>
<!-- Generated by org.testng.reporters.JUnitReportReporter -->
<testsuite hostname="SP01B01ZZ5947A" failures="0" tests="3" name="swaglab.MyTestCases" time="8.637" errors="0" timestamp="2025-09-03T21:00:17 AST" skipped="0">
  <testcase classname="swaglab.MyTestCases" name="LoginWithNormalUser" time="0.599"/>
  <testcase classname="swaglab.MyTestCases" name="AddItems" time="0.312"/>
  <testcase classname="swaglab.MyTestCases" name="CheckoutProcess" time="7.726"/>
</testsuite> <!-- swaglab.MyTestCases -->
