<?xml version="1.0" encoding="UTF-8"?>
<!-- Generated by org.testng.reporters.JUnitReportReporter -->
<testsuite hostname="SP01B01ZZ5947A" failures="0" tests="4" name="Automation.Testcases" time="0.067" errors="0" timestamp="2025-09-19T22:39:51 AST" skipped="3">
  <testcase classname="Automation.Testcases" name="DeleteCustomer" time="0.067"/>
  <testcase classname="Automation.Testcases" name="UpdateCustomerInfo">
    <skipped/>
  </testcase> <!-- UpdateCustomerInfo -->
  <testcase classname="Automation.Testcases" name="AddNewCustomer">
    <skipped/>
  </testcase> <!-- AddNewCustomer -->
  <testcase classname="Automation.Testcases" name="ReadTheUpdatedData">
    <skipped/>
  </testcase> <!-- ReadTheUpdatedData -->
</testsuite> <!-- Automation.Testcases -->
